2021-06-10 01:35:41  [TC1_post_request] (main:) " response data is "{
  "last_name": "kumar",
  "id": "DOP7128992",
  "first_name": "Manik",
  "email": "mas@je.com"
}
2021-06-10 01:35:42  [TC2_get_request] (main:) " response code is "200
2021-06-14 02:57:22  [TC1_post_request] (main:) " response data is "{
  "last_name": "kumar",
  "id": "DOP712890092",
  "first_name": "Manik",
  "email": "mas@je.com"
}
2021-06-14 02:57:23  [TC2_get_request] (main:) " response code is "200
2021-06-14 03:03:18  [TC1_post_request] (main:) " response data is "{
  "last_name": "kumar",
  "id": "LOL90092",
  "first_name": "Manik",
  "email": "mas@je.com"
}
2021-06-14 03:03:19  [TC2_get_request] (main:) " response code is "200
2021-06-14 03:05:02  [TC1_post_request] (main:) " response data is "{
  "last_name": "kumar",
  "id": "LOL900562",
  "first_name": "Manik",
  "email": "mas@je.com"
}
2021-06-14 03:05:04  [TC2_get_request] (main:) " response code is "200
2021-06-14 03:06:38  [TC1_post_request] (main:) " response data is "{
  "last_name": "kumar",
  "id": "LOL900502",
  "first_name": "Manik",
  "email": "mas@je.com"
}
2021-06-14 03:06:40  [TC2_get_request] (main:) " response code is "200
2021-06-14 03:15:12  [TC1_post_request] (main:) " response data is "{
  "last_name": "kumar",
  "id": "LOL9005122",
  "first_name": "Manik",
  "email": "mas@je.com"
}
2021-06-14 03:15:14  [TC2_get_request] (main:) " response code is "200
2021-06-14 03:15:14  [TC1_post_request] (main:) " response data is "{
  "last_name": "kumar",
  "id": "LOL9005122",
  "first_name": "Manik",
  "email": "mas@je.com"
}
2021-06-14 03:19:00  [TC1_post_request] (main:) " response data is "{
  "last_name": "kumar",
  "id": "LOL90051552",
  "first_name": "Manik",
  "email": "mas@je.com"
}
2021-06-14 03:19:02  [TC2_get_request] (main:) " response code is "200
2021-06-14 03:19:02  [TC1_post_request] (main:) " response data is "{
  "last_name": "kumar",
  "id": "LOL90051552",
  "first_name": "Manik",
  "email": "mas@je.com"
}
2021-06-14 23:56:01  [TC1_post_request] (main:) " response data is "{
  "last_name": "kumar",
  "id": "LOL90051552",
  "first_name": "Manik",
  "email": "mas@je.com"
}
2021-06-14 23:56:03  [TC2_get_request] (main:) " response code is "200
2021-06-14 23:56:03  [TC1_post_request] (main:) " response data is "{
  "last_name": "kumar",
  "id": "LOL90051552",
  "first_name": "Manik",
  "email": "mas@je.com"
}
2021-06-14 23:57:45  [TC1_post_request] (main:) " response data is "{
  "last_name": "kumar",
  "id": "LOL90051552",
  "first_name": "Manik",
  "email": "mas@je.com"
}
2021-06-14 23:57:46  [TC2_get_request] (main:) " response code is "200
2021-06-14 23:57:46  [TC1_post_request] (main:) " response data is "{
  "last_name": "kumar",
  "id": "LOL90051552",
  "first_name": "Manik",
  "email": "mas@je.com"
}
2021-06-14 23:58:38  [TC1_post_request] (main:) " response data is "{
  "last_name": "kumar",
  "id": "LOL90051552",
  "first_name": "Manik",
  "email": "mas@je.com"
}
2021-06-14 23:58:39  [TC2_get_request] (main:) " response code is "200
2021-06-14 23:58:39  [TC1_post_request] (main:) " response data is "{
  "last_name": "kumar",
  "id": "LOL90051552",
  "first_name": "Manik",
  "email": "mas@je.com"
}
2021-06-14 23:59:45  [TC1_post_request] (main:) " response data is "{
  "last_name": "kumar",
  "id": "LOL90051552",
  "first_name": "Manik",
  "email": "mas@je.com"
}
2021-06-14 23:59:47  [TC2_get_request] (main:) " response code is "200
2021-06-14 23:59:47  [TC1_post_request] (main:) " response data is "{
  "last_name": "kumar",
  "id": "LOL90051552",
  "first_name": "Manik",
  "email": "mas@je.com"
}
2021-06-15 00:01:07  [TC1_post_request] (main:) " response data is "{
  "last_name": "kumar",
  "id": "LOL90051552",
  "first_name": "Manik",
  "email": "mas@je.com"
}
2021-06-15 00:01:08  [TC2_get_request] (main:) " response code is "200
2021-06-15 00:01:08  [TC1_post_request] (main:) " response data is "{
  "last_name": "kumar",
  "id": "LOL90051552",
  "first_name": "Manik",
  "email": "mas@je.com"
}
2021-06-15 00:07:40  [TC1_post_request] (main:) " response data is "{
  "last_name": "kumar",
  "id": "LO751552",
  "first_name": "Manik",
  "email": "mas@je.com"
}
2021-06-15 00:07:41  [TC2_get_request] (main:) " response code is "200
2021-06-15 00:07:41  [TC1_post_request] (main:) " response data is "{
  "last_name": "kumar",
  "id": "LO751552",
  "first_name": "Manik",
  "email": "mas@je.com"
}
2021-06-15 00:09:08  [TC1_post_request] (main:) " response data is "{
  "last_name": "kumar",
  "id": "LO7951552",
  "first_name": "Manik",
  "email": "mas@je.com"
}
2021-06-15 00:09:10  [TC2_get_request] (main:) " response code is "200
2021-06-15 00:09:10  [TC1_post_request] (main:) " response data is "{
  "last_name": "kumar",
  "id": "LO7951552",
  "first_name": "Manik",
  "email": "mas@je.com"
}
